This is pdfTeX, Version 3.14159265-2.6-1.40.20 (MiKTeX 2.9.7250) (preloaded format=pdflatex 2020.1.13)  14 JAN 2020 00:10
entering extended mode
**./elprep-study.tex
(elprep-study.tex
LaTeX2e <2019-10-01> patch level 3
(article.cls
Document Class: article 2000/05/19 v1.4b Standard LaTeX document class
(/home/ciprian/.miktex/texmfs/install/tex/latex/base/size10.clo
File: size10.clo 2019/10/25 v1.4k Standard LaTeX file (size option)
)
\c@part=\count80
\c@section=\count81
\c@subsection=\count82
\c@subsubsection=\count83
\c@paragraph=\count84
\c@subparagraph=\count85
\c@figure=\count86
\c@table=\count87
\abovecaptionskip=\skip41
\belowcaptionskip=\skip42
\bibindent=\dimen102
)
(/home/ciprian/.miktex/texmfs/install/tex/latex/graphics/epsfig.sty
Package: epsfig 2017/06/25 v1.7b (e)psfig emulation (SPQR)

(/home/ciprian/.miktex/texmfs/install/tex/latex/graphics/graphicx.sty
Package: graphicx 2017/06/01 v1.1a Enhanced LaTeX Graphics (DPC,SPQR)

(/home/ciprian/.miktex/texmfs/install/tex/latex/graphics/keyval.sty
Package: keyval 2014/10/28 v1.15 key=value parser (DPC)
\KV@toks@=\toks14
)
(/home/ciprian/.miktex/texmfs/install/tex/latex/graphics/graphics.sty
Package: graphics 2019/11/01 v1.3d Standard LaTeX Graphics (DPC,SPQR)

(/home/ciprian/.miktex/texmfs/install/tex/latex/graphics/trig.sty
Package: trig 2016/01/03 v1.10 sin cos tan (DPC)
)
(/home/ciprian/.miktex/texmfs/install/tex/latex/graphics-cfg/graphics.cfg
File: graphics.cfg 2016/06/04 v1.11 sample graphics configuration
)
Package graphics Info: Driver file: pdftex.def on input line 105.

(/home/ciprian/.miktex/texmfs/install/tex/latex/graphics-def/pdftex.def
File: pdftex.def 2018/01/08 v1.0l Graphics/color driver for pdftex
))
\Gin@req@height=\dimen103
\Gin@req@width=\dimen104
)
\epsfxsize=\dimen105
\epsfysize=\dimen106
)
(/home/ciprian/.miktex/texmfs/install/tex/latex/caption/subcaption.sty
Package: subcaption 2020/01/03 v1.3b Sub-captions (AR)

(/home/ciprian/.miktex/texmfs/install/tex/latex/caption/caption.sty
Package: caption 2020/01/03 v3.4h Customizing captions (AR)

(/home/ciprian/.miktex/texmfs/install/tex/latex/caption/caption3.sty
Package: caption3 2020/01/03 v1.8h caption3 kernel (AR)
Package caption3 Info: TeX engine: e-TeX on input line 61.
\captionmargin=\dimen107
\captionmargin@=\dimen108
\captionwidth=\dimen109
\caption@tempdima=\dimen110
\caption@indent=\dimen111
\caption@parindent=\dimen112
\caption@hangindent=\dimen113
Package caption Info: Standard document class detected.
)
\c@caption@flags=\count88
\c@continuedfloat=\count89
)
\c@subfigure=\count90
\c@subtable=\count91
)
(/home/ciprian/.miktex/texmfs/install/tex/latex/tools/calc.sty
Package: calc 2017/05/25 v4.3 Infix arithmetic (KKT,FJ)
\calc@Acount=\count92
\calc@Bcount=\count93
\calc@Adimen=\dimen114
\calc@Bdimen=\dimen115
\calc@Askip=\skip43
\calc@Bskip=\skip44
LaTeX Info: Redefining \setlength on input line 80.
LaTeX Info: Redefining \addtolength on input line 81.
\calc@Ccount=\count94
\calc@Cskip=\skip45
)
(/home/ciprian/.miktex/texmfs/install/tex/latex/comment/comment.sty
\CommentStream=\write3

Excluding comment 'comment')
(/home/ciprian/.miktex/texmfs/install/tex/latex/amsfonts/amssymb.sty
Package: amssymb 2013/01/14 v3.01 AMS font symbols

(/home/ciprian/.miktex/texmfs/install/tex/latex/amsfonts/amsfonts.sty
Package: amsfonts 2013/01/14 v3.01 Basic AMSFonts support
\@emptytoks=\toks15
\symAMSa=\mathgroup4
\symAMSb=\mathgroup5
LaTeX Font Info:    Redeclaring math symbol \hbar on input line 98.
LaTeX Font Info:    Overwriting math alphabet `\mathfrak' in version `bold'
(Font)                  U/euf/m/n --> U/euf/b/n on input line 106.
))
(/home/ciprian/.miktex/texmfs/install/tex/latex/amsmath/amstext.sty
Package: amstext 2000/06/29 v2.01 AMS text

(/home/ciprian/.miktex/texmfs/install/tex/latex/amsmath/amsgen.sty
File: amsgen.sty 1999/11/30 v2.0 generic functions
\@emptytoks=\toks16
\ex@=\dimen116
))
(/home/ciprian/.miktex/texmfs/install/tex/latex/amsmath/amsmath.sty
Package: amsmath 2019/11/16 v2.17d AMS math features
\@mathmargin=\skip46

For additional information on amsmath, use the `?' option.
(/home/ciprian/.miktex/texmfs/install/tex/latex/amsmath/amsbsy.sty
Package: amsbsy 1999/11/29 v1.2d Bold Symbols
\pmbraise@=\dimen117
)
(/home/ciprian/.miktex/texmfs/install/tex/latex/amsmath/amsopn.sty
Package: amsopn 2016/03/08 v2.02 operator names
)
\inf@bad=\count95
LaTeX Info: Redefining \frac on input line 227.
\uproot@=\count96
\leftroot@=\count97
LaTeX Info: Redefining \overline on input line 389.
\classnum@=\count98
\DOTSCASE@=\count99
LaTeX Info: Redefining \ldots on input line 486.
LaTeX Info: Redefining \dots on input line 489.
LaTeX Info: Redefining \cdots on input line 610.
\Mathstrutbox@=\box27
\strutbox@=\box28
\big@size=\dimen118
LaTeX Font Info:    Redeclaring font encoding OML on input line 733.
LaTeX Font Info:    Redeclaring font encoding OMS on input line 734.
\macc@depth=\count100
\c@MaxMatrixCols=\count101
\dotsspace@=\muskip10
\c@parentequation=\count102
\dspbrk@lvl=\count103
\tag@help=\toks17
\row@=\count104
\column@=\count105
\maxfields@=\count106
\andhelp@=\toks18
\eqnshift@=\dimen119
\alignsep@=\dimen120
\tagshift@=\dimen121
\tagwidth@=\dimen122
\totwidth@=\dimen123
\lineht@=\dimen124
\@envbody=\toks19
\multlinegap=\skip47
\multlinetaggap=\skip48
\mathdisplay@stack=\toks20
LaTeX Info: Redefining \[ on input line 2858.
LaTeX Info: Redefining \] on input line 2859.
)
(/home/ciprian/.miktex/texmfs/install/tex/latex/amscls/amsthm.sty
Package: amsthm 2017/10/31 v2.20.4
\thm@style=\toks21
\thm@bodyfont=\toks22
\thm@headfont=\toks23
\thm@notefont=\toks24
\thm@headpunct=\toks25
\thm@preskip=\skip49
\thm@postskip=\skip50
\thm@headsep=\skip51
\dth@everypar=\toks26
)
(/home/ciprian/.miktex/texmfs/install/tex/latex/tools/multicol.sty
Package: multicol 2019/03/01 v1.8w multicolumn formatting (FMi)
\c@tracingmulticols=\count107
\mult@box=\box29
\multicol@leftmargin=\dimen125
\c@unbalance=\count108
\c@collectmore=\count109
\doublecol@number=\count110
\multicoltolerance=\count111
\multicolpretolerance=\count112
\full@width=\dimen126
\page@free=\dimen127
\premulticols=\dimen128
\postmulticols=\dimen129
\multicolsep=\skip52
\multicolbaselineskip=\skip53
\partial@page=\box30
\last@line=\box31
\maxbalancingoverflow=\dimen130
\mult@rightbox=\box32
\mult@grightbox=\box33
\mult@gfirstbox=\box34
\mult@firstbox=\box35
\@tempa=\box36
\@tempa=\box37
\@tempa=\box38
\@tempa=\box39
\@tempa=\box40
\@tempa=\box41
\@tempa=\box42
\@tempa=\box43
\@tempa=\box44
\@tempa=\box45
\@tempa=\box46
\@tempa=\box47
\@tempa=\box48
\@tempa=\box49
\@tempa=\box50
\@tempa=\box51
\@tempa=\box52
\c@minrows=\count113
\c@columnbadness=\count114
\c@finalcolumnbadness=\count115
\last@try=\dimen131
\multicolovershoot=\dimen132
\multicolundershoot=\dimen133
\mult@nat@firstbox=\box53
\colbreak@box=\box54
\mc@col@check@num=\count116
)
(/home/ciprian/.miktex/texmfs/install/tex/latex/pslatex/pslatex.sty
Package: pslatex 1996/07/24 v1.2 pslatex emulation (DPC)
LaTeX Font Info:    Redeclaring symbol font `operators' on input line 65.
LaTeX Font Info:    Overwriting symbol font `operators' in version `normal'
(Font)                  OT1/cmr/m/n --> OT1/ptmcm/m/n on input line 65.
LaTeX Font Info:    Overwriting symbol font `operators' in version `bold'
(Font)                  OT1/cmr/bx/n --> OT1/ptmcm/m/n on input line 65.
LaTeX Font Info:    Redeclaring symbol font `letters' on input line 66.
LaTeX Font Info:    Overwriting symbol font `letters' in version `normal'
(Font)                  OML/cmm/m/it --> OML/ptmcm/m/it on input line 66.
LaTeX Font Info:    Overwriting symbol font `letters' in version `bold'
(Font)                  OML/cmm/b/it --> OML/ptmcm/m/it on input line 66.
LaTeX Font Info:    Redeclaring symbol font `symbols' on input line 67.
LaTeX Font Info:    Overwriting symbol font `symbols' in version `normal'
(Font)                  OMS/cmsy/m/n --> OMS/pzccm/m/n on input line 67.
LaTeX Font Info:    Overwriting symbol font `symbols' in version `bold'
(Font)                  OMS/cmsy/b/n --> OMS/pzccm/m/n on input line 67.
LaTeX Font Info:    Redeclaring symbol font `largesymbols' on input line 68.
LaTeX Font Info:    Overwriting symbol font `largesymbols' in version `normal'
(Font)                  OMX/cmex/m/n --> OMX/psycm/m/n on input line 68.
LaTeX Font Info:    Overwriting symbol font `largesymbols' in version `bold'
(Font)                  OMX/cmex/m/n --> OMX/psycm/m/n on input line 68.
\symbold=\mathgroup6
\symitalic=\mathgroup7
LaTeX Font Info:    Redeclaring math alphabet \mathbf on input line 74.
LaTeX Font Info:    Overwriting math alphabet `\mathbf' in version `normal'
(Font)                  OT1/cmr/bx/n --> OT1/ptm/bx/n on input line 74.
LaTeX Font Info:    Overwriting math alphabet `\mathbf' in version `bold'
(Font)                  OT1/cmr/bx/n --> OT1/ptm/bx/n on input line 74.
LaTeX Font Info:    Redeclaring math alphabet \mathit on input line 75.
LaTeX Font Info:    Overwriting math alphabet `\mathit' in version `normal'
(Font)                  OT1/cmr/m/it --> OT1/ptm/m/it on input line 75.
LaTeX Font Info:    Overwriting math alphabet `\mathit' in version `bold'
(Font)                  OT1/cmr/bx/it --> OT1/ptm/m/it on input line 75.
)
(apalike.sty
\bibhang=\skip54
) (/home/ciprian/.miktex/texmfs/install/tex/latex/xcolor/xcolor.sty
Package: xcolor 2016/05/11 v2.12 LaTeX color extensions (UK)
(/home/ciprian/.miktex/texmfs/install/tex/latex/graphics-cfg/color.cfg
File: color.cfg 2016/01/02 v1.6 sample color configuration
)
Package xcolor Info: Driver file: pdftex.def on input line 225.
Package xcolor Info: Model `cmy' substituted by `cmy0' on input line 1348.
Package xcolor Info: Model `hsb' substituted by `rgb' on input line 1352.
Package xcolor Info: Model `RGB' extended on input line 1364.
Package xcolor Info: Model `HTML' substituted by `rgb' on input line 1366.
Package xcolor Info: Model `Hsb' substituted by `hsb' on input line 1367.
Package xcolor Info: Model `tHsb' substituted by `hsb' on input line 1368.
Package xcolor Info: Model `HSB' substituted by `hsb' on input line 1369.
Package xcolor Info: Model `Gray' substituted by `gray' on input line 1370.
Package xcolor Info: Model `wave' substituted by `hsb' on input line 1371.
)
(/home/ciprian/.miktex/texmfs/install/tex/latex/multirow/multirow.sty
Package: multirow 2019/05/31 v2.5 Span multiple rows of a table
\multirow@colwidth=\skip55
\multirow@cntb=\count117
\multirow@dima=\skip56
\bigstrutjot=\dimen134
)
(SCITEPRESS.sty
Conference Style for SCITEPRESS for LaTeX 2e -- version of December 2018
\titlebox=\skip57
) (elprep-study.aux)
\openout1 = `elprep-study.aux'.

LaTeX Font Info:    Checking defaults for OML/cmm/m/it on input line 20.
LaTeX Font Info:    ... okay on input line 20.
LaTeX Font Info:    Checking defaults for T1/cmr/m/n on input line 20.
LaTeX Font Info:    ... okay on input line 20.
LaTeX Font Info:    Checking defaults for OT1/cmr/m/n on input line 20.
LaTeX Font Info:    ... okay on input line 20.
LaTeX Font Info:    Checking defaults for OMS/pzccm/m/n on input line 20.
LaTeX Font Info:    Trying to load font information for OMS+pzccm on input line
 20.

(/home/ciprian/.miktex/texmfs/install/tex/latex/psnfss/omspzccm.fd
File: omspzccm.fd 2000/01/03 Fontinst v1.801 font definitions for OMS/pzccm.
)
LaTeX Font Info:    ... okay on input line 20.
LaTeX Font Info:    Checking defaults for OMX/cmex/m/n on input line 20.
LaTeX Font Info:    ... okay on input line 20.
LaTeX Font Info:    Checking defaults for U/cmr/m/n on input line 20.
LaTeX Font Info:    ... okay on input line 20.

(/home/ciprian/.miktex/texmfs/install/tex/context/base/mkii/supp-pdf.mkii
[Loading MPS to PDF converter (version 2006.09.02).]
\scratchcounter=\count118
\scratchdimen=\dimen135
\scratchbox=\box55
\nofMPsegments=\count119
\nofMParguments=\count120
\everyMPshowfont=\toks27
\MPscratchCnt=\count121
\MPscratchDim=\dimen136
\MPnumerator=\count122
\makeMPintoPDFobject=\count123
\everyMPtoPDFconversion=\toks28
)
(/home/ciprian/.miktex/texmfs/install/tex/latex/epstopdf-pkg/epstopdf-base.sty
Package: epstopdf-base 2019-12-09 v2.10 Base part for package epstopdf
Package epstopdf-base Info: Redefining graphics rule for `.eps' on input line 4
85.
)
Package caption Info: Begin \AtBeginDocument code.
Package caption Info: End \AtBeginDocument code.
LaTeX Font Info:    Font shape `OT1/ptm/bx/n' in size <14.4> not available
(Font)              Font shape `OT1/ptm/b/n' tried instead on input line 48.
LaTeX Font Info:    Calculating math sizes for size <11> on input line 48.
LaTeX Font Info:    Trying to load font information for OT1+ptmcm on input line
 48.
(/home/ciprian/.miktex/texmfs/install/tex/latex/psnfss/ot1ptmcm.fd
File: ot1ptmcm.fd 2000/01/03 Fontinst v1.801 font definitions for OT1/ptmcm.
)
LaTeX Font Info:    Trying to load font information for OML+ptmcm on input line
 48.

(/home/ciprian/.miktex/texmfs/install/tex/latex/psnfss/omlptmcm.fd
File: omlptmcm.fd 2000/01/03 Fontinst v1.801 font definitions for OML/ptmcm.
)
LaTeX Font Info:    Trying to load font information for OMX+psycm on input line
 48.

(/home/ciprian/.miktex/texmfs/install/tex/latex/psnfss/omxpsycm.fd
File: omxpsycm.fd 2000/01/03 Fontinst v1.801 font definitions for OMX/psycm.
)
LaTeX Font Info:    Trying to load font information for U+msa on input line 48.


(/home/ciprian/.miktex/texmfs/install/tex/latex/amsfonts/umsa.fd
File: umsa.fd 2013/01/14 v3.01 AMS symbols A
)
LaTeX Font Info:    Trying to load font information for U+msb on input line 48.


(/home/ciprian/.miktex/texmfs/install/tex/latex/amsfonts/umsb.fd
File: umsb.fd 2013/01/14 v3.01 AMS symbols B
)
LaTeX Font Info:    Font shape `OT1/ptm/bx/n' in size <11> not available
(Font)              Font shape `OT1/ptm/b/n' tried instead on input line 48.
LaTeX Font Info:    Font shape `OT1/ptm/bx/n' in size <7.69997> not available
(Font)              Font shape `OT1/ptm/b/n' tried instead on input line 48.
LaTeX Font Info:    Font shape `OT1/ptm/bx/n' in size <5.5> not available
(Font)              Font shape `OT1/ptm/b/n' tried instead on input line 48.

! Undefined control sequence.
\ETE@program@epstopdf ->\epstopdf@sys@cmd 
                                          
l.48 \onecolumn \maketitle
                           \normalsize \setcounter{footnote}{0} \vfill
? 
Package epstopdf Info: Source file: <orcid.eps>
(epstopdf)                    date: 2019-10-05 11:16:45
(epstopdf)                    size: 975258 bytes
(epstopdf)             Output file: <orcid-eps-converted-to.pdf>
(epstopdf)                    date: 2019-10-05 11:16:45
(epstopdf)                    size: 11910 bytes
(epstopdf)             Command: < --outfile=orcid-eps-converted-to.pdf orcid.ep
s>
(epstopdf)             \includegraphics on input line 48.
Package epstopdf Info: Output file is already uptodate.
<orcid-eps-converted-to.pdf, id=1, 598.235pt x 598.235pt>
File: orcid-eps-converted-to.pdf Graphic file (type pdf)
<use orcid-eps-converted-to.pdf>
Package pdftex.def Info: orcid-eps-converted-to.pdf  used on input line 48.
(pdftex.def)             Requested size: 8.5359pt x 8.53497pt.
! Undefined control sequence.
\ETE@program@epstopdf ->\epstopdf@sys@cmd 
                                          
l.48 \onecolumn \maketitle
                           \normalsize \setcounter{footnote}{0} \vfill
? 
Package epstopdf Info: Source file: <orcid.eps>
(epstopdf)                    date: 2019-10-05 11:16:45
(epstopdf)                    size: 975258 bytes
(epstopdf)             Output file: <orcid-eps-converted-to.pdf>
(epstopdf)                    date: 2019-10-05 11:16:45
(epstopdf)                    size: 11910 bytes
(epstopdf)             Command: < --outfile=orcid-eps-converted-to.pdf orcid.ep
s>
(epstopdf)             \includegraphics on input line 48.
Package epstopdf Info: Output file is already uptodate.
File: orcid-eps-converted-to.pdf Graphic file (type pdf)
<use orcid-eps-converted-to.pdf>
Package pdftex.def Info: orcid-eps-converted-to.pdf  used on input line 48.
(pdftex.def)             Requested size: 8.5359pt x 8.53497pt.
LaTeX Font Info:    Font shape `OT1/ptm/bx/n' in size <9> not available
(Font)              Font shape `OT1/ptm/b/n' tried instead on input line 48.
LaTeX Font Info:    Font shape `OT1/ptm/bx/n' in size <7> not available
(Font)              Font shape `OT1/ptm/b/n' tried instead on input line 48.
LaTeX Font Info:    Font shape `OT1/ptm/bx/n' in size <5> not available
(Font)              Font shape `OT1/ptm/b/n' tried instead on input line 48.

Underfull \hbox (badness 10000) in paragraph at lines 48--48

 []

! Undefined control sequence.
\ETE@program@epstopdf ->\epstopdf@sys@cmd 
                                          
l.48 \onecolumn \maketitle
                           \normalsize \setcounter{footnote}{0} \vfill
? 
Package epstopdf Info: Source file: <orcid.eps>
(epstopdf)                    date: 2019-10-05 11:16:45
(epstopdf)                    size: 975258 bytes
(epstopdf)             Output file: <orcid-eps-converted-to.pdf>
(epstopdf)                    date: 2019-10-05 11:16:45
(epstopdf)                    size: 11910 bytes
(epstopdf)             Command: < --outfile=orcid-eps-converted-to.pdf orcid.ep
s>
(epstopdf)             \includegraphics on input line 48.
Package epstopdf Info: Output file is already uptodate.
File: orcid-eps-converted-to.pdf Graphic file (type pdf)
<use orcid-eps-converted-to.pdf>
Package pdftex.def Info: orcid-eps-converted-to.pdf  used on input line 48.
(pdftex.def)             Requested size: 8.5359pt x 8.53497pt.
! Undefined control sequence.
\ETE@program@epstopdf ->\epstopdf@sys@cmd 
                                          
l.48 \onecolumn \maketitle
                           \normalsize \setcounter{footnote}{0} \vfill
? 
Package epstopdf Info: Source file: <orcid.eps>
(epstopdf)                    date: 2019-10-05 11:16:45
(epstopdf)                    size: 975258 bytes
(epstopdf)             Output file: <orcid-eps-converted-to.pdf>
(epstopdf)                    date: 2019-10-05 11:16:45
(epstopdf)                    size: 11910 bytes
(epstopdf)             Command: < --outfile=orcid-eps-converted-to.pdf orcid.ep
s>
(epstopdf)             \includegraphics on input line 48.
Package epstopdf Info: Output file is already uptodate.
File: orcid-eps-converted-to.pdf Graphic file (type pdf)
<use orcid-eps-converted-to.pdf>
Package pdftex.def Info: orcid-eps-converted-to.pdf  used on input line 48.
(pdftex.def)             Requested size: 8.5359pt x 8.53497pt.
LaTeX Font Info:    Font shape `OT1/ptm/bx/n' in size <13> not available
(Font)              Font shape `OT1/ptm/b/n' tried instead on input line 50.
LaTeX Font Info:    Font shape `OT1/ptm/bx/n' in size <10> not available
(Font)              Font shape `OT1/ptm/b/n' tried instead on input line 57.

LaTeX Warning: Citation `?' on page 1 undefined on input line 57.


Underfull \hbox (badness 5711) in paragraph at lines 53--58
\OT1/ptm/m/n/10 analysis generally consists of processing large
 []


Underfull \hbox (badness 1152) in paragraph at lines 59--71
[]\OT1/ptm/m/n/10 Choosing a programming platform that offers
 []


Underfull \hbox (badness 1253) in paragraph at lines 59--71
\OT1/ptm/m/n/10 out in a recent study dedicated to migrating an
 []


Underfull \hbox (badness 2538) in paragraph at lines 59--71
\OT1/ptm/m/n/10 tool for preparing sequence alignment/map files
 []


Underfull \hbox (badness 6675) in paragraph at lines 59--71
\OT1/ptm/m/n/10 pipelines. A key feature of elPrep is the
 []


Underfull \hbox (badness 2158) in paragraph at lines 59--71
\OT1/ptm/m/n/10 a pipeline consisting of multiple command line
 []


Underfull \hbox (badness 1237) in paragraph at lines 59--71
\OT1/ptm/m/n/10 a SAM/BAM file and keeping data as much as
 []


Underfull \hbox (badness 1303) in paragraph at lines 59--71
\OT1/ptm/m/n/10 possible in main memory. In (Costanza et al.,
 []


Overfull \hbox (0.78455pt too wide) in paragraph at lines 72--75
\OT1/pcr/m/n/10 https://github.com/exascience/elprep-bench
 []


Underfull \hbox (badness 3128) in paragraph at lines 72--75
\OT1/ptm/m/n/10 , we have analyzed key aspects regarding the
 []


Underfull \hbox (badness 1057) in paragraph at lines 72--75
\OT1/ptm/m/n/10 memory management and thread synchronization,
 []


Underfull \vbox (badness 10000) has occurred while \output is active []

 [1{/home/ciprian/.miktex/texmfs/data/pdftex/config/pdftex.map}




 <./orcid-eps-converted-to.pdf>]
LaTeX Font Info:    Font shape `OT1/ptm/bx/n' in size <12> not available
(Font)              Font shape `OT1/ptm/b/n' tried instead on input line 79.

Underfull \hbox (badness 5316) in paragraph at lines 81--84
\OT1/ptm/m/n/10 In order to analyze the behavior of memory
 []


Underfull \hbox (badness 7379) in paragraph at lines 81--84
\OT1/ptm/m/n/10 Java (Java Platform, Standard Edition, 2019)
 []


Underfull \hbox (badness 2401) in paragraph at lines 85--92
[]\OT1/ptm/m/n/10 The Java Virtual Machine (JVM) (Lindholm
 []


Underfull \hbox (badness 7256) in paragraph at lines 85--92
\OT1/ptm/m/n/10 system, called \OT1/ptm/m/it/10 garbage collector \OT1/ptm/m/n/
10 (GC) which
 []


Underfull \hbox (badness 4479) in paragraph at lines 85--92
\OT1/ptm/m/n/10 are no longer used. The garbage collection
 []


Underfull \hbox (badness 1286) in paragraph at lines 107--114
\OT1/ptm/m/n/10 implementation of an algorithm. If threads are
 []


Underfull \hbox (badness 1057) in paragraph at lines 141--142
\OT1/ptm/m/n/10 a multithreaded manner will generate a behavior
 []

LaTeX Font Info:    Font shape `OT1/ptm/bx/n' in size <7.4> not available
(Font)              Font shape `OT1/ptm/b/n' tried instead on input line 170.
LaTeX Font Info:    Font shape `OT1/ptm/bx/n' in size <6> not available
(Font)              Font shape `OT1/ptm/b/n' tried instead on input line 170.
[2]
Underfull \hbox (badness 1371) in paragraph at lines 173--177
\OT1/ptm/m/n/10 consumption, is of no relevance in our context.
 []


Underfull \hbox (badness 2617) in paragraph at lines 199--202
[]\OT1/ptm/m/n/10 The most common approach of representing
 []


Underfull \hbox (badness 1077) in paragraph at lines 203--207
[]\OT1/ptm/m/n/10 A \OT1/ptm/m/it/10 column store  \OT1/ptm/m/n/10 model (Abadi
 et al., 2013)
 []


Underfull \hbox (badness 1158) in paragraph at lines 214--216
\OT1/ptm/m/n/10 slowdown becomes far less important if we can
 []

[3]
Underfull \hbox (badness 1412) in paragraph at lines 246--248
\OT1/ptm/m/n/10 the calculation simpler and analyze the memory
 []


Underfull \hbox (badness 3029) in paragraph at lines 283--284
[][]\OT1/ptm/m/n/10 The ElPrep algorithm will duplicate all the
 []


Underfull \hbox (badness 1297) in paragraph at lines 283--284
\OT1/pcr/m/n/10 SamAlignment \OT1/ptm/m/n/10 s once, as it looks for duplicate
 []


Underfull \hbox (badness 10000) in paragraph at lines 289--292
\OT1/ptm/m/n/10 Let us analyze how much memory can
 []


Underfull \hbox (badness 10000) in paragraph at lines 289--292
\OT1/ptm/m/n/10 be saved by switching to a column-based
 []


Underfull \hbox (badness 10000) in paragraph at lines 289--292
\OT1/ptm/m/n/10 approach. We have defined the following
 []


Underfull \hbox (badness 10000) in paragraph at lines 289--292
\OT1/ptm/m/n/10 data structures: \OT1/pcr/m/n/10 StringSequence  \OT1/ptm/m/n/1
0 for
 []


Underfull \hbox (badness 3343) in paragraph at lines 289--292
\OT1/ptm/m/n/10 representing in a compact manner a collection
 []


Underfull \hbox (badness 10000) in paragraph at lines 289--292
\OT1/ptm/m/n/10 of strings, \OT1/pcr/m/n/10 DeduplicatedDictionary  \OT1/ptm/m/
n/10 for
 []


Underfull \hbox (badness 1484) in paragraph at lines 289--292
\OT1/ptm/m/n/10 eliminating duplicate copies of repeating strings,
 []


Underfull \hbox (badness 4391) in paragraph at lines 289--292
\OT1/pcr/m/n/10 DnaEncodingSequence  \OT1/ptm/m/n/10 for storing \OT1/pcr/m/n/1
0 A,C,G,T,N
 []


Underfull \hbox (badness 5681) in paragraph at lines 311--312
[]\OT1/ptm/m/n/10 So, instead of having a large number of
 []


Underfull \hbox (badness 10000) in paragraph at lines 314--315
[]\OT1/ptm/m/n/10 Regardless of VM bitness, the memory
 []


Underfull \hbox (badness 6063) in paragraph at lines 314--315
\OT1/ptm/m/n/10 consumption for representing one row of the
 []

[4]
Underfull \hbox (badness 6758) in paragraph at lines 332--333
[]\OT1/ptm/m/n/10 As this is a major reduction in memory
 []

LaTeX Font Info:    Trying to load font information for OMS+pcr on input line 3
51.
(/home/ciprian/.miktex/texmfs/install/tex/latex/psnfss/omspcr.fd
File: omspcr.fd 
)
LaTeX Font Info:    Font shape `OMS/pcr/m/n' in size <10> not available
(Font)              Font shape `OMS/cmsy/m/n' tried instead on input line 351.
LaTeX Font Info:    Font shape `OMS/ptm/m/n' in size <10> not available
(Font)              Font shape `OMS/pzccm/m/n' tried instead on input line 351.


Underfull \hbox (badness 3965) in paragraph at lines 349--352
\OT1/ptm/m/n/10 frequently, we can apply another optimization:
 []


Underfull \hbox (badness 1117) in paragraph at lines 349--352
\OT1/ptm/m/n/10 instead of keeping them joined, we will use an
 []


Underfull \hbox (badness 1092) in paragraph at lines 349--352
\OT1/ptm/m/n/10 and an array holding one index for each string.
 []


Underfull \hbox (badness 5726) in paragraph at lines 356--358
\OT1/ptm/m/n/10 The \OT1/pcr/m/n/10 table  \OT1/ptm/m/n/10 structure is based o
n the class
 []


Underfull \hbox (badness 10000) in paragraph at lines 370--373
\OT1/ptm/m/n/10 For example, encoding the $\OT1/ptmcm/m/n/10 21$ \OT1/ptm/m/n/1
0 letters string
 []


Underfull \hbox (badness 10000) in paragraph at lines 370--373
\OT1/ptm/m/n/10 "AAAACCCCGGGGTTTTNNNNA" would
 []


Underfull \hbox (badness 10000) in paragraph at lines 370--373
\OT1/pcr/m/n/10 00001001001001000110110110110100
 []


Underfull \hbox (badness 4013) in paragraph at lines 376--377
[]\OT1/ptm/m/n/10 From right to left, $\OT1/ptmcm/m/n/10 000$ \OT1/ptm/m/n/10 r
epresents A, $\OT1/ptmcm/m/n/10 001$
 []

[5]
Underfull \hbox (badness 2134) in paragraph at lines 429--431
[]\OT1/ptm/m/n/10 In order to address \OT1/pcr/m/n/10 temps  \OT1/ptm/m/n/10 an
d \OT1/pcr/m/n/10 TAGS  \OT1/ptm/m/n/10 we
 []


Underfull \hbox (badness 1931) in paragraph at lines 454--459
\OT1/ptm/m/n/10 is I/O \OT1/pcr/m/n/10 buffering  \OT1/ptm/m/n/10 (Oaks, 2014).
 Invoking a
 []


Underfull \hbox (badness 5667) in paragraph at lines 454--459
\OT1/ptm/m/n/10 trigger an invocation of the operating system
 []


Underfull \hbox (badness 1424) in paragraph at lines 460--463
\OT1/ptm/m/n/10 correctly the \OT1/pcr/m/n/10 BufferedReader \OT1/ptm/m/n/10 , 
respectively the
 []


Overfull \hbox (0.78455pt too wide) in paragraph at lines 484--484
[]   \OT1/pcr/m/n/10 try (var swout = new PrintWriter(sw)) {[] 
 []


Underfull \hbox (badness 4205) in paragraph at lines 490--497
\OT1/ptm/m/n/10 object. To quote from its documentation, a
 []


Underfull \hbox (badness 4441) in paragraph at lines 490--497
\OT1/ptm/m/n/10 of characters. That means that most of its
 []


Underfull \hbox (badness 1565) in paragraph at lines 490--497
\OT1/ptm/m/n/10 methods are declared as \OT1/ptm/m/it/10 synchronized  \OT1/ptm
/m/n/10 in order
 []


Underfull \hbox (badness 1097) in paragraph at lines 490--497
\OT1/ptm/m/n/10 to control the access to the buffer of characters
 []


Underfull \hbox (badness 2237) in paragraph at lines 490--497
\OT1/ptm/m/n/10 stream implementation gets his own copy of a
 []

[6]
Underfull \hbox (badness 3815) in paragraph at lines 508--509
\OT1/ptm/m/n/10 its task, which is eventually an invocation to
 []


Underfull \hbox (badness 10000) in paragraph at lines 516--517
\OT1/ptm/m/n/10 The \OT1/pcr/m/n/10 BuffereWriter.write  \OT1/ptm/m/n/10 method
 is also
 []

<images/cpu_original.png, id=32, 304.13625pt x 184.43906pt>
File: images/cpu_original.png Graphic file (type png)
<use images/cpu_original.png>
Package pdftex.def Info: images/cpu_original.png  used on input line 520.
(pdftex.def)             Requested size: 152.06775pt x 92.2193pt.

Underfull \hbox (badness 2197) in paragraph at lines 527--532
\OT1/ptm/m/n/10 this context involves using a single byte array.
 []


Underfull \hbox (badness 1817) in paragraph at lines 527--532
\OT1/ptm/m/n/10 Instead of creating and storing individual string
 []


Underfull \hbox (badness 1694) in paragraph at lines 527--532
\OT1/ptm/m/n/10 and writing them one by one to disk, we add
 []

<images/cpu_optimized.png, id=33, 316.93407pt x 182.93344pt>
File: images/cpu_optimized.png Graphic file (type png)
<use images/cpu_optimized.png>
Package pdftex.def Info: images/cpu_optimized.png  used on input line 542.
(pdftex.def)             Requested size: 158.46664pt x 91.46649pt.
<images/Visual_VM_Small_file_Original_execution_profile.png, id=34, 2589.675pt 
x 1053.9375pt>
File: images/Visual_VM_Small_file_Original_execution_profile.png Graphic file (
type png)
<use images/Visual_VM_Small_file_Original_execution_profile.png>
Package pdftex.def Info: images/Visual_VM_Small_file_Original_execution_profile
.png  used on input line 548.
(pdftex.def)             Requested size: 168.33478pt x 68.50833pt.
[7 <./images/cpu_original.png> <./images/cpu_optimized.png> <./images/Visual_VM
_Small_file_Original_execution_profile.png>]
Underfull \hbox (badness 1365) in paragraph at lines 565--574
\OT1/ptm/m/n/10 technique that splits the \OT1/pcr/m/n/10 SamBatch  \OT1/ptm/m/
n/10 structure in
 []


Overfull \hbox (5.88452pt too wide) in paragraph at lines 585--585
[]\OT1/pcr/m/n/10 var samBatches = new ArrayList<SamBatch>();[] 
 []


Underfull \hbox (badness 6708) in paragraph at lines 587--592
[]\OT1/ptm/m/n/10 The \OT1/pcr/m/n/10 readRows  \OT1/ptm/m/n/10 method reads $\
OML/ptmcm/m/it/10 chunkSize \OMS/pzccm/m/n/10 
 []


Underfull \hbox (badness 5607) in paragraph at lines 596--597
[]\OT1/ptm/m/n/10 Transforming data, deduplicating and DNA
 []


Underfull \hbox (badness 1320) in paragraph at lines 596--597
\OT1/ptm/m/n/10 manner, which is much easier to debug and
 []


Underfull \hbox (badness 1527) in paragraph at lines 612--619
[]\OT1/ptm/m/n/10 When it comes to writing, compared to our
 []


Underfull \hbox (badness 2961) in paragraph at lines 620--626
\OT1/ptm/m/n/10 when using the external device, we have also
 []

[8]
Underfull \hbox (badness 5622) in paragraph at lines 644--647
[]\OT1/ptm/m/n/10 The original elPrep benchmarks have been
 []


Underfull \hbox (badness 1460) in paragraph at lines 644--647
\OT1/ptm/m/n/10 performed on a Supermicro SuperServer 1029U-
 []


Underfull \vbox (badness 10000) has occurred while \output is active []


Overfull \hbox (0.82352pt too wide) in paragraph at lines 667--676
 [] 
 []


Underfull \hbox (badness 1424) in paragraph at lines 690--692
[]\OT1/ptm/m/n/10 So for an increase of input of 8 times, the
 []


Underfull \hbox (badness 7203) in paragraph at lines 704--707
\OT1/ptm/m/n/10 existing instrumentation in the JVM and the
 []


Underfull \hbox (badness 4886) in paragraph at lines 704--707
\OT1/ptm/m/n/10 visual tool VisualVM to capture according to
 []


Underfull \hbox (badness 1472) in paragraph at lines 704--707
\OT1/ptm/m/n/10 the following paragraphs, it was clicked on the
 []

[9]
Underfull \hbox (badness 2426) in paragraph at lines 708--709
[]\OT1/ptm/m/n/10 Compared with elPrep paper which measure
 []


Underfull \hbox (badness 4060) in paragraph at lines 710--712
[]\OT1/ptm/m/n/10 Because of VisualVM, we can get a very
 []


Underfull \hbox (badness 1783) in paragraph at lines 716--718
[]\OT1/ptm/m/n/10 As for defaults: G1GC would automatically
 []


Underfull \hbox (badness 1762) in paragraph at lines 738--744
\OT1/ptm/m/n/10 memory usage (by suspending the program and
 []


Underfull \hbox (badness 1902) in paragraph at lines 758--760
[]\OT1/ptm/m/n/10 So given that memory remains quite similar
 []

<images/times_and_memory_chart_small_144mb_ryzen.png, id=45, 455.45157pt x 255.
95625pt>
File: images/times_and_memory_chart_small_144mb_ryzen.png Graphic file (type pn
g)
<use images/times_and_memory_chart_small_144mb_ryzen.png>
Package pdftex.def Info: images/times_and_memory_chart_small_144mb_ryzen.png  u
sed on input line 766.
(pdftex.def)             Requested size: 227.72522pt x 127.9778pt.

Overfull \hbox (14.31079pt too wide) in paragraph at lines 766--767
 [] 
 []

[10]
<images/times_and_memory_chart_small_144mb_intel.png, id=50, 455.45157pt x 255.
95625pt>
File: images/times_and_memory_chart_small_144mb_intel.png Graphic file (type pn
g)
<use images/times_and_memory_chart_small_144mb_intel.png>
Package pdftex.def Info: images/times_and_memory_chart_small_144mb_intel.png  u
sed on input line 773.
(pdftex.def)             Requested size: 227.72522pt x 127.9778pt.

Overfull \hbox (14.31079pt too wide) in paragraph at lines 773--774
 [] 
 []

<images/times_and_memory_chart.png, id=51, 455.45157pt x 255.95625pt>
File: images/times_and_memory_chart.png Graphic file (type png)
<use images/times_and_memory_chart.png>
Package pdftex.def Info: images/times_and_memory_chart.png  used on input line 
779.
(pdftex.def)             Requested size: 227.72522pt x 127.9778pt.

Overfull \hbox (14.31079pt too wide) in paragraph at lines 779--780
 [] 
 []


Underfull \hbox (badness 2735) in paragraph at lines 785--786
\OT1/ptm/m/n/10 180 MB/second (averaged and it includes both
 []

<images/seconds_per_gb_ryzen.png, id=52, 454.69875pt x 255.95625pt>
File: images/seconds_per_gb_ryzen.png Graphic file (type png)
<use images/seconds_per_gb_ryzen.png>
Package pdftex.def Info: images/seconds_per_gb_ryzen.png  used on input line 78
8.
(pdftex.def)             Requested size: 227.34882pt x 127.9778pt.

Overfull \hbox (13.93439pt too wide) in paragraph at lines 788--789
 [] 
 []


Underfull \hbox (badness 1424) in paragraph at lines 791--796
\OT1/ptm/m/n/10 component could become a slow-down (like the
 []


Underfull \hbox (badness 1057) in paragraph at lines 791--796
\OT1/ptm/m/n/10 remain without RAM, but as the algorithms use
 []


Underfull \hbox (badness 2134) in paragraph at lines 800--802
\OT1/ptm/m/n/10 levels of improvements in runtime performance,
 []


Underfull \hbox (badness 1057) in paragraph at lines 803--804
[]\OT1/ptm/m/n/10 * the original algorithm described in original
 []


Underfull \hbox (badness 4108) in paragraph at lines 805--807
[]\OT1/ptm/m/n/10 * "Presized buf" which avoids quite many
 []


Underfull \hbox (badness 1442) in paragraph at lines 805--807
\OT1/ptm/m/n/10 allocations by presizing on writing the expected
 []


Underfull \hbox (badness 10000) in paragraph at lines 808--811
[]\OT1/ptm/m/n/10 * "optimized" algorithm which doesn't
 []


Underfull \hbox (badness 1521) in paragraph at lines 808--811
\OT1/ptm/m/n/10 that if suspending execution to look for a bug,
 []


Underfull \hbox (badness 2951) in paragraph at lines 812--815
\OT1/ptm/m/n/10 as being memory heavy and IO heavy (Read-
 []

[11 <./images/times_and_memory_chart_small_144mb_ryzen.png> <./images/times_and
_memory_chart_small_144mb_intel.png> <./images/times_and_memory_chart.png> <./i
mages/seconds_per_gb_ryzen.png>]
Underfull \hbox (badness 1147) in paragraph at lines 835--836
\OT1/ptm/m/n/10 the memory allocator is a bottleneck in runtime
 []


Underfull \hbox (badness 1112) in paragraph at lines 842--846
\OT1/ptm/m/n/10 As memory consumption and allocation seem to
 []


Underfull \hbox (badness 2027) in paragraph at lines 842--846
\OT1/ptm/m/n/10 an impact on very large data sets also on the
 []


Underfull \hbox (badness 2237) in paragraph at lines 842--846
\OT1/ptm/m/n/10 even by a bit the memory usage and memory
 []


Underfull \hbox (badness 2065) in paragraph at lines 842--846
\OT1/ptm/m/n/10 has a very compact memory implementation of
 []


Underfull \hbox (badness 5446) in paragraph at lines 842--846
\OT1/ptm/m/n/10 HashMap (System.Generic.Dictionary class) that
 []

[12]
Underfull \hbox (badness 3612) in paragraph at lines 876--877
[]\OT1/ptm/m/n/10 Using parallel fetching as the algorithm of
 []

Excluding 'comment' comment. (elprep-study.bbl
Underfull \hbox (badness 2245) in paragraph at lines 4--8
[]\OT1/ptm/m/n/9 Abadi, D., Boncz, P., and Harizopoulos, S. (2013).
 []


Underfull \hbox (badness 1102) in paragraph at lines 10--14
[]\OT1/ptm/m/n/9 Costanza, P., Herzeel, C., and Verachtert, W. (2019).
 []


Underfull \hbox (badness 3965) in paragraph at lines 10--14
\OT1/ptm/m/n/9 Comparing ease of programming in C++, Go,
 []


Underfull \hbox (badness 10000) in paragraph at lines 10--14
\OT1/ptm/m/n/9 and Java for implementing a next-generation
 []


Underfull \hbox (badness 5175) in paragraph at lines 10--14
\OT1/ptm/m/n/9 sequencing tool.  \OT1/ptm/m/it/9 Evolutionary Bioinformatics\OT
1/ptm/m/n/9 ,
 []


Underfull \hbox (badness 1810) in paragraph at lines 26--29
\OT1/ptm/m/n/9 framework for sequence analysis.  \OT1/ptm/m/it/9 PLOS ONE\OT1/p
tm/m/n/9 ,
 []


Underfull \hbox (badness 10000) in paragraph at lines 31--35
[]\OT1/ptm/m/n/9 Java Platform, Standard Edition (2019).  Java
 []


Underfull \hbox (badness 3590) in paragraph at lines 31--35
\OT1/ptm/m/n/9 Development Kit Version 11 API Specification.
 []


Underfull \hbox (badness 10000) in paragraph at lines 31--35
\OT1/ptm/m/n/9 https://docs.oracle.com/en/java/javase/11/docs/api.
 []


Underfull \hbox (badness 10000) in paragraph at lines 52--57
\OT1/ptm/m/n/9 https://www.oracle.com/webfolder/technetwork/
 []


Underfull \hbox (badness 10000) in paragraph at lines 52--57
\OT1/ptm/m/n/9 tutorials/obe/java/gc01/index.html.  Accessed:
 []

) [13

] (elprep-study.aux)

LaTeX Warning: Label(s) may have changed. Rerun to get cross-references right.

 ) 
Here is how much of TeX's memory you used:
 4615 strings out of 494411
 65535 string characters out of 3174370
 131516 words of memory out of 3000000
 8633 multiletter control sequences out of 15000+200000
 55088 words of font info for 122 fonts, out of 3000000 for 9000
 0 hyphenation exceptions out of 8191
 48i,9n,46p,491b,271s stack positions out of 5000i,500n,10000p,200000b,50000s
{/home/ciprian/.miktex/texmfs/install/fonts/enc/dvips/base/8r.enc}</home/cipr
ian/.miktex/texmfs/install/fonts/type1/public/amsfonts/cm/cmmi10.pfb></home/cip
rian/.miktex/texmfs/install/fonts/type1/public/amsfonts/cm/cmr10.pfb></home/cip
rian/.miktex/texmfs/install/fonts/type1/public/amsfonts/cm/cmsy10.pfb></home/ci
prian/.miktex/texmfs/install/fonts/type1/urw/courier/ucrr8a.pfb></home/ciprian/
.miktex/texmfs/install/fonts/type1/urw/times/utmb8a.pfb></home/ciprian/.miktex/
texmfs/install/fonts/type1/urw/times/utmr8a.pfb></home/ciprian/.miktex/texmfs/i
nstall/fonts/type1/urw/times/utmri8a.pfb>
Output written on elprep-study.pdf (13 pages, 835938 bytes).
PDF statistics:
 91 PDF objects out of 1000 (max. 8388607)
 0 named destinations out of 1000 (max. 500000)
 41 words of extra memory for PDF output out of 10000 (max. 10000000)

